# JRE version: OpenJDK Runtime Environment (8.0_242-b01) (build 1.8.0_242-release-1644-b01)
# Java VM: OpenJDK 64-Bit Server VM (25.242-b01 mixed mode windows-amd64 compressed oops)
Heap:
 PSYoungGen      total 173056K, used 27506K [0x00000000d5580000, 0x00000000e3400000, 0x0000000100000000)
  eden space 160768K, 9% used [0x00000000d5580000,0x00000000d645e528,0x00000000df280000)
  from space 12288K, 99% used [0x00000000df280000,0x00000000dfe7e488,0x00000000dfe80000)
  to   space 14336K, 0% used [0x00000000e2600000,0x00000000e2600000,0x00000000e3400000)
 ParOldGen       total 53248K, used 15515K [0x0000000080000000, 0x0000000083400000, 0x00000000d5580000)
  object space 53248K, 29% used [0x0000000080000000,0x0000000080f26fe8,0x0000000083400000)
 Metaspace       used 44191K, capacity 46132K, committed 46376K, reserved 1089536K
  class space    used 5986K, capacity 6398K, committed 6448K, reserved 1048576K
GC Heap History (10 events):
Event: 4.779 GC heap before
{Heap before GC invocations=9 (full 1):
 PSYoungGen      total 126464K, used 5764K [0x00000000d5580000, 0x00000000dd980000, 0x0000000100000000)
  eden space 117760K, 0% used [0x00000000d5580000,0x00000000d5580000,0x00000000dc880000)
  from space 8704K, 66% used [0x00000000dd100000,0x00000000dd6a1178,0x00000000dd980000)
  to   space 8704K, 0% used [0x00000000dc880000,0x00000000dc880000,0x00000000dd100000)
 ParOldGen       total 38400K, used 9449K [0x0000000080000000, 0x0000000082580000, 0x00000000d5580000)
  object space 38400K, 24% used [0x0000000080000000,0x000000008093a758,0x0000000082580000)
 Metaspace       used 20579K, capacity 21224K, committed 21296K, reserved 1067008K
  class space    used 2873K, capacity 3076K, committed 3120K, reserved 1048576K
Event: 4.823 GC heap after
Heap after GC invocations=9 (full 1):
 PSYoungGen      total 126464K, used 0K [0x00000000d5580000, 0x00000000dd980000, 0x0000000100000000)
  eden space 117760K, 0% used [0x00000000d5580000,0x00000000d5580000,0x00000000dc880000)
  from space 8704K, 0% used [0x00000000dd100000,0x00000000dd100000,0x00000000dd980000)
  to   space 8704K, 0% used [0x00000000dc880000,0x00000000dc880000,0x00000000dd100000)
 ParOldGen       total 34816K, used 9895K [0x0000000080000000, 0x0000000082200000, 0x00000000d5580000)
  object space 34816K, 28% used [0x0000000080000000,0x00000000809a9f08,0x0000000082200000)
 Metaspace       used 20579K, capacity 21224K, committed 21296K, reserved 1067008K
  class space    used 2873K, capacity 3076K, committed 3120K, reserved 1048576K
}
Event: 7.318 GC heap before
{Heap before GC invocations=10 (full 1):
 PSYoungGen      total 126464K, used 117760K [0x00000000d5580000, 0x00000000dd980000, 0x0000000100000000)
  eden space 117760K, 100% used [0x00000000d5580000,0x00000000dc880000,0x00000000dc880000)
  from space 8704K, 0% used [0x00000000dd100000,0x00000000dd100000,0x00000000dd980000)
  to   space 8704K, 0% used [0x00000000dc880000,0x00000000dc880000,0x00000000dd100000)
 ParOldGen       total 34816K, used 9895K [0x0000000080000000, 0x0000000082200000, 0x00000000d5580000)
  object space 34816K, 28% used [0x0000000080000000,0x00000000809a9f08,0x0000000082200000)
 Metaspace       used 32437K, capacity 33432K, committed 33712K, reserved 1079296K
  class space    used 4425K, capacity 4713K, committed 4784K, reserved 1048576K
Event: 7.354 GC heap after
Heap after GC invocations=10 (full 1):
 PSYoungGen      total 126464K, used 8686K [0x00000000d5580000, 0x00000000e0a00000, 0x0000000100000000)
  eden space 117760K, 0% used [0x00000000d5580000,0x00000000d5580000,0x00000000dc880000)
  from space 8704K, 99% used [0x00000000dc880000,0x00000000dd0fbbd8,0x00000000dd100000)
  to   space 11776K, 0% used [0x00000000dfe80000,0x00000000dfe80000,0x00000000e0a00000)
 ParOldGen       total 34816K, used 14246K [0x0000000080000000, 0x0000000082200000, 0x00000000d5580000)
  object space 34816K, 40% used [0x0000000080000000,0x0000000080de9a58,0x0000000082200000)
 Metaspace       used 32437K, capacity 33432K, committed 33712K, reserved 1079296K
  class space    used 4425K, capacity 4713K, committed 4784K, reserved 1048576K
}
Event: 8.154 GC heap before
{Heap before GC invocations=11 (full 1):
 PSYoungGen      total 126464K, used 54885K [0x00000000d5580000, 0x00000000e0a00000, 0x0000000100000000)
  eden space 117760K, 39% used [0x00000000d5580000,0x00000000d829d9d8,0x00000000dc880000)
  from space 8704K, 99% used [0x00000000dc880000,0x00000000dd0fbbd8,0x00000000dd100000)
  to   space 11776K, 0% used [0x00000000dfe80000,0x00000000dfe80000,0x00000000e0a00000)
 ParOldGen       total 34816K, used 14246K [0x0000000080000000, 0x0000000082200000, 0x00000000d5580000)
  object space 34816K, 40% used [0x0000000080000000,0x0000000080de9a58,0x0000000082200000)
 Metaspace       used 34312K, capacity 35414K, committed 35496K, reserved 1079296K
  class space    used 4719K, capacity 5002K, committed 5040K, reserved 1048576K
Event: 8.168 GC heap after
Heap after GC invocations=11 (full 1):
 PSYoungGen      total 172544K, used 8514K [0x00000000d5580000, 0x00000000e0b80000, 0x0000000100000000)
  eden space 160768K, 0% used [0x00000000d5580000,0x00000000d5580000,0x00000000df280000)
  from space 11776K, 72% used [0x00000000dfe80000,0x00000000e06d0b48,0x00000000e0a00000)
  to   space 12288K, 0% used [0x00000000df280000,0x00000000df280000,0x00000000dfe80000)
 ParOldGen       total 34816K, used 14254K [0x0000000080000000, 0x0000000082200000, 0x00000000d5580000)
  object space 34816K, 40% used [0x0000000080000000,0x0000000080deba58,0x0000000082200000)
 Metaspace       used 34312K, capacity 35414K, committed 35496K, reserved 1079296K
  class space    used 4719K, capacity 5002K, committed 5040K, reserved 1048576K
}
Event: 8.168 GC heap before
{Heap before GC invocations=12 (full 2):
 PSYoungGen      total 172544K, used 8514K [0x00000000d5580000, 0x00000000e0b80000, 0x0000000100000000)
  eden space 160768K, 0% used [0x00000000d5580000,0x00000000d5580000,0x00000000df280000)
  from space 11776K, 72% used [0x00000000dfe80000,0x00000000e06d0b48,0x00000000e0a00000)
  to   space 12288K, 0% used [0x00000000df280000,0x00000000df280000,0x00000000dfe80000)
 ParOldGen       total 34816K, used 14254K [0x0000000080000000, 0x0000000082200000, 0x00000000d5580000)
  object space 34816K, 40% used [0x0000000080000000,0x0000000080deba58,0x0000000082200000)
 Metaspace       used 34312K, capacity 35414K, committed 35496K, reserved 1079296K
  class space    used 4719K, capacity 5002K, committed 5040K, reserved 1048576K
Event: 8.274 GC heap after
Heap after GC invocations=12 (full 2):
 PSYoungGen      total 172544K, used 0K [0x00000000d5580000, 0x00000000e0b80000, 0x0000000100000000)
  eden space 160768K, 0% used [0x00000000d5580000,0x00000000d5580000,0x00000000df280000)
  from space 11776K, 0% used [0x00000000dfe80000,0x00000000dfe80000,0x00000000e0a00000)
  to   space 12288K, 0% used [0x00000000df280000,0x00000000df280000,0x00000000dfe80000)
 ParOldGen       total 53248K, used 14831K [0x0000000080000000, 0x0000000083400000, 0x00000000d5580000)
  object space 53248K, 27% used [0x0000000080000000,0x0000000080e7bec8,0x0000000083400000)
 Metaspace       used 34312K, capacity 35414K, committed 35496K, reserved 1079296K
  class space    used 4719K, capacity 5002K, committed 5040K, reserved 1048576K
}
Event: 10.444 GC heap before
{Heap before GC invocations=13 (full 2):
 PSYoungGen      total 172544K, used 160768K [0x00000000d5580000, 0x00000000e0b80000, 0x0000000100000000)
  eden space 160768K, 100% used [0x00000000d5580000,0x00000000df280000,0x00000000df280000)
  from space 11776K, 0% used [0x00000000dfe80000,0x00000000dfe80000,0x00000000e0a00000)
  to   space 12288K, 0% used [0x00000000df280000,0x00000000df280000,0x00000000dfe80000)
 ParOldGen       total 53248K, used 14831K [0x0000000080000000, 0x0000000083400000, 0x00000000d5580000)
  object space 53248K, 27% used [0x0000000080000000,0x0000000080e7bec8,0x0000000083400000)
 Metaspace       used 42734K, capacity 44552K, committed 44712K, reserved 1087488K
  class space    used 5823K, capacity 6224K, committed 6320K, reserved 1048576K
Event: 10.461 GC heap after
Heap after GC invocations=13 (full 2):
 PSYoungGen      total 173056K, used 12281K [0x00000000d5580000, 0x00000000e3400000, 0x0000000100000000)
  eden space 160768K, 0% used [0x00000000d5580000,0x00000000d5580000,0x00000000df280000)
  from space 12288K, 99% used [0x00000000df280000,0x00000000dfe7e488,0x00000000dfe80000)
  to   space 14336K, 0% used [0x00000000e2600000,0x00000000e2600000,0x00000000e3400000)
 ParOldGen       total 53248K, used 15515K [0x0000000080000000, 0x0000000083400000, 0x00000000d5580000)
  object space 53248K, 29% used [0x0000000080000000,0x0000000080f26fe8,0x0000000083400000)
 Metaspace       used 42734K, capacity 44552K, committed 44712K, reserved 1087488K
  class space    used 5823K, capacity 6224K, committed 6320K, reserved 1048576K
}

